Time-shared computer model

Number of terminals       20 to  80 by   10

Mean think time       10.000 seconds

Mean service time     70.000 seconds

Quantum                0.100 seconds

Swap time              0.001 seconds

Number of jobs processed        1000


Number of      Average         Average       Utilization      CPU-num/
terminals   response time  number in queue     of CPU          JOB-type

   20           4.928           0.000           0.011         CPU-1
               29.693           0.027           0.127         CPU-2
             2199.876          18.673           1.000         CPU-3


   30           5.300           0.001           0.012         CPU-1
               32.727           0.043           0.135         CPU-2
             3233.895          28.641           1.000         CPU-3


   40           5.348           0.002           0.010         CPU-1
               33.695           0.046           0.119         CPU-2
             4326.886          38.656           1.000         CPU-3


   50           5.870           0.002           0.013         CPU-1
               36.936           0.062           0.117         CPU-2
             5113.737          48.642           1.000         CPU-3


   60           8.080           0.005           0.010         CPU-1
               67.222           0.194           0.110         CPU-2
             6839.716          58.532           1.000         CPU-3


   70           5.397           0.001           0.010         CPU-1
               80.339           0.286           0.121         CPU-2
             7542.459          68.416           1.000         CPU-3


   80           5.211           0.001           0.009         CPU-1
               77.323           0.245           0.108         CPU-2
             8834.845          78.477           1.000         CPU-3
